{"/home/ke/Desktop/study/NAI/frontend/src/App.tsx": {"path":"/home/ke/Desktop/study/NAI/frontend/src/App.tsx","statementMap":{"0":{"start":{"line":12,"column":27},"end":{"line":12,"column":51}},"1":{"start":{"line":15,"column":34},"end":{"line":15,"column":53}},"2":{"start":{"line":16,"column":44},"end":{"line":16,"column":63}},"3":{"start":{"line":17,"column":28},"end":{"line":21,"column":4}},"4":{"start":{"line":23,"column":22},"end":{"line":25,"column":3}},"5":{"start":{"line":24,"column":4},"end":{"line":24,"column":48}},"6":{"start":{"line":27,"column":21},"end":{"line":27,"column":62}},"7":{"start":{"line":27,"column":27},"end":{"line":27,"column":62}},"8":{"start":{"line":30,"column":27},"end":{"line":40,"column":3}},"9":{"start":{"line":31,"column":16},"end":{"line":31,"column":60}},"10":{"start":{"line":34,"column":4},"end":{"line":34,"column":50}},"11":{"start":{"line":34,"column":31},"end":{"line":34,"column":48}},"12":{"start":{"line":37,"column":4},"end":{"line":37,"column":44}},"13":{"start":{"line":37,"column":24},"end":{"line":37,"column":44}},"14":{"start":{"line":39,"column":4},"end":{"line":39,"column":61}},"15":{"start":{"line":43,"column":23},"end":{"line":45,"column":3}},"16":{"start":{"line":44,"column":4},"end":{"line":44,"column":74}},"17":{"start":{"line":44,"column":31},"end":{"line":44,"column":72}},"18":{"start":{"line":44,"column":52},"end":{"line":44,"column":71}},"19":{"start":{"line":48,"column":21},"end":{"line":61,"column":3}},"20":{"start":{"line":49,"column":4},"end":{"line":49,"column":47}},"21":{"start":{"line":52,"column":4},"end":{"line":60,"column":7}},"22":{"start":{"line":53,"column":6},"end":{"line":53,"column":34}},"23":{"start":{"line":53,"column":22},"end":{"line":53,"column":34}},"24":{"start":{"line":54,"column":21},"end":{"line":54,"column":57}},"25":{"start":{"line":54,"column":38},"end":{"line":54,"column":56}},"26":{"start":{"line":55,"column":6},"end":{"line":59,"column":7}},"27":{"start":{"line":56,"column":8},"end":{"line":56,"column":66}},"28":{"start":{"line":56,"column":32},"end":{"line":56,"column":63}},"29":{"start":{"line":58,"column":8},"end":{"line":58,"column":33}},"30":{"start":{"line":63,"column":2},"end":{"line":146,"column":4}},"31":{"start":{"line":99,"column":18},"end":{"line":102,"column":24}},"32":{"start":{"line":122,"column":18},"end":{"line":128,"column":24}},"33":{"start":{"line":126,"column":40},"end":{"line":126,"column":99}},"34":{"start":{"line":126,"column":67},"end":{"line":126,"column":98}},"35":{"start":{"line":126,"column":86},"end":{"line":126,"column":97}}},"fnMap":{"0":{"name":"App","decl":{"start":{"line":14,"column":9},"end":{"line":14,"column":12}},"loc":{"start":{"line":14,"column":15},"end":{"line":147,"column":1}},"line":14},"1":{"name":"(anonymous_1)","decl":{"start":{"line":23,"column":22},"end":{"line":23,"column":23}},"loc":{"start":{"line":23,"column":86},"end":{"line":25,"column":3}},"line":23},"2":{"name":"(anonymous_2)","decl":{"start":{"line":27,"column":21},"end":{"line":27,"column":22}},"loc":{"start":{"line":27,"column":27},"end":{"line":27,"column":62}},"line":27},"3":{"name":"(anonymous_3)","decl":{"start":{"line":30,"column":27},"end":{"line":30,"column":28}},"loc":{"start":{"line":30,"column":53},"end":{"line":40,"column":3}},"line":30},"4":{"name":"(anonymous_4)","decl":{"start":{"line":34,"column":21},"end":{"line":34,"column":22}},"loc":{"start":{"line":34,"column":31},"end":{"line":34,"column":48}},"line":34},"5":{"name":"(anonymous_5)","decl":{"start":{"line":43,"column":23},"end":{"line":43,"column":24}},"loc":{"start":{"line":43,"column":45},"end":{"line":45,"column":3}},"line":43},"6":{"name":"(anonymous_6)","decl":{"start":{"line":44,"column":21},"end":{"line":44,"column":22}},"loc":{"start":{"line":44,"column":31},"end":{"line":44,"column":72}},"line":44},"7":{"name":"(anonymous_7)","decl":{"start":{"line":44,"column":43},"end":{"line":44,"column":44}},"loc":{"start":{"line":44,"column":52},"end":{"line":44,"column":71}},"line":44},"8":{"name":"(anonymous_8)","decl":{"start":{"line":48,"column":21},"end":{"line":48,"column":22}},"loc":{"start":{"line":48,"column":38},"end":{"line":61,"column":3}},"line":48},"9":{"name":"(anonymous_9)","decl":{"start":{"line":52,"column":21},"end":{"line":52,"column":22}},"loc":{"start":{"line":52,"column":31},"end":{"line":60,"column":5}},"line":52},"10":{"name":"(anonymous_10)","decl":{"start":{"line":54,"column":31},"end":{"line":54,"column":32}},"loc":{"start":{"line":54,"column":38},"end":{"line":54,"column":56}},"line":54},"11":{"name":"(anonymous_11)","decl":{"start":{"line":56,"column":24},"end":{"line":56,"column":25}},"loc":{"start":{"line":56,"column":32},"end":{"line":56,"column":63}},"line":56},"12":{"name":"(anonymous_12)","decl":{"start":{"line":98,"column":34},"end":{"line":98,"column":35}},"loc":{"start":{"line":99,"column":18},"end":{"line":102,"column":24}},"line":99},"13":{"name":"(anonymous_13)","decl":{"start":{"line":121,"column":34},"end":{"line":121,"column":35}},"loc":{"start":{"line":122,"column":18},"end":{"line":128,"column":24}},"line":122},"14":{"name":"(anonymous_14)","decl":{"start":{"line":126,"column":32},"end":{"line":126,"column":33}},"loc":{"start":{"line":126,"column":40},"end":{"line":126,"column":99}},"line":126},"15":{"name":"(anonymous_15)","decl":{"start":{"line":126,"column":57},"end":{"line":126,"column":58}},"loc":{"start":{"line":126,"column":67},"end":{"line":126,"column":98}},"line":126},"16":{"name":"(anonymous_16)","decl":{"start":{"line":126,"column":79},"end":{"line":126,"column":80}},"loc":{"start":{"line":126,"column":86},"end":{"line":126,"column":97}},"line":126}},"branchMap":{"0":{"loc":{"start":{"line":23,"column":40},"end":{"line":23,"column":81}},"type":"default-arg","locations":[{"start":{"line":23,"column":72},"end":{"line":23,"column":81}}],"line":23},"1":{"loc":{"start":{"line":31,"column":16},"end":{"line":31,"column":60}},"type":"cond-expr","locations":[{"start":{"line":31,"column":41},"end":{"line":31,"column":48}},{"start":{"line":31,"column":51},"end":{"line":31,"column":60}}],"line":31},"2":{"loc":{"start":{"line":37,"column":4},"end":{"line":37,"column":44}},"type":"if","locations":[{"start":{"line":37,"column":4},"end":{"line":37,"column":44}},{"start":{},"end":{}}],"line":37},"3":{"loc":{"start":{"line":53,"column":6},"end":{"line":53,"column":34}},"type":"if","locations":[{"start":{"line":53,"column":6},"end":{"line":53,"column":34}},{"start":{},"end":{}}],"line":53},"4":{"loc":{"start":{"line":55,"column":6},"end":{"line":59,"column":7}},"type":"if","locations":[{"start":{"line":55,"column":6},"end":{"line":59,"column":7}},{"start":{"line":57,"column":13},"end":{"line":59,"column":7}}],"line":55},"5":{"loc":{"start":{"line":56,"column":32},"end":{"line":56,"column":63}},"type":"cond-expr","locations":[{"start":{"line":56,"column":53},"end":{"line":56,"column":59}},{"start":{"line":56,"column":62},"end":{"line":56,"column":63}}],"line":56},"6":{"loc":{"start":{"line":97,"column":15},"end":{"line":106,"column":15}},"type":"cond-expr","locations":[{"start":{"line":98,"column":16},"end":{"line":103,"column":18}},{"start":{"line":105,"column":16},"end":{"line":105,"column":65}}],"line":97},"7":{"loc":{"start":{"line":99,"column":28},"end":{"line":99,"column":41}},"type":"binary-expr","locations":[{"start":{"line":99,"column":28},"end":{"line":99,"column":34}},{"start":{"line":99,"column":38},"end":{"line":99,"column":41}}],"line":99},"8":{"loc":{"start":{"line":120,"column":15},"end":{"line":132,"column":15}},"type":"cond-expr","locations":[{"start":{"line":121,"column":16},"end":{"line":129,"column":18}},{"start":{"line":131,"column":16},"end":{"line":131,"column":65}}],"line":120},"9":{"loc":{"start":{"line":122,"column":28},"end":{"line":122,"column":41}},"type":"binary-expr","locations":[{"start":{"line":122,"column":28},"end":{"line":122,"column":34}},{"start":{"line":122,"column":38},"end":{"line":122,"column":41}}],"line":122}},"s":{"0":1,"1":0,"2":0,"3":0,"4":0,"5":0,"6":0,"7":0,"8":0,"9":0,"10":0,"11":0,"12":0,"13":0,"14":0,"15":0,"16":0,"17":0,"18":0,"19":0,"20":0,"21":0,"22":0,"23":0,"24":0,"25":0,"26":0,"27":0,"28":0,"29":0,"30":0,"31":0,"32":0,"33":0,"34":0,"35":0},"f":{"0":0,"1":0,"2":0,"3":0,"4":0,"5":0,"6":0,"7":0,"8":0,"9":0,"10":0,"11":0,"12":0,"13":0,"14":0,"15":0,"16":0},"b":{"0":[0],"1":[0,0],"2":[0,0],"3":[0,0],"4":[0,0],"5":[0,0],"6":[0,0],"7":[0,0],"8":[0,0],"9":[0,0]},"_coverageSchema":"1a1c01bbd47fc00a2c39e90264f33305004495a9","hash":"1f3eac4d633f0b13ea22078dcadf6333a37bbbfb"}
,"/home/ke/Desktop/study/NAI/frontend/src/config.ts": {"path":"/home/ke/Desktop/study/NAI/frontend/src/config.ts","statementMap":{"0":{"start":{"line":2,"column":36},"end":{"line":2,"column":76}},"1":{"start":{"line":5,"column":32},"end":{"line":5,"column":66}},"2":{"start":{"line":6,"column":30},"end":{"line":6,"column":62}}},"fnMap":{},"branchMap":{"0":{"loc":{"start":{"line":2,"column":36},"end":{"line":2,"column":76}},"type":"binary-expr","locations":[{"start":{"line":2,"column":36},"end":{"line":2,"column":65}},{"start":{"line":2,"column":69},"end":{"line":2,"column":76}}],"line":2}},"s":{"0":2,"1":2,"2":2},"f":{},"b":{"0":[2,2]},"_coverageSchema":"1a1c01bbd47fc00a2c39e90264f33305004495a9","hash":"b9e98b647002a0579f9b998e94a7a9e45ce4a746"}
,"/home/ke/Desktop/study/NAI/frontend/src/main.tsx": {"path":"/home/ke/Desktop/study/NAI/frontend/src/main.tsx","statementMap":{"0":{"start":{"line":6,"column":0},"end":{"line":10,"column":2}}},"fnMap":{},"branchMap":{},"s":{"0":0},"f":{},"b":{}}
,"/home/ke/Desktop/study/NAI/frontend/src/components/JsonPreview.tsx": {"path":"/home/ke/Desktop/study/NAI/frontend/src/components/JsonPreview.tsx","statementMap":{"0":{"start":{"line":8,"column":2},"end":{"line":16,"column":3}},"1":{"start":{"line":9,"column":4},"end":{"line":15,"column":6}},"2":{"start":{"line":18,"column":2},"end":{"line":36,"column":4}}},"fnMap":{"0":{"name":"JsonPreview","decl":{"start":{"line":7,"column":24},"end":{"line":7,"column":35}},"loc":{"start":{"line":7,"column":64},"end":{"line":37,"column":1}},"line":7}},"branchMap":{"0":{"loc":{"start":{"line":8,"column":2},"end":{"line":16,"column":3}},"type":"if","locations":[{"start":{"line":8,"column":2},"end":{"line":16,"column":3}},{"start":{},"end":{}}],"line":8}},"s":{"0":4,"1":2,"2":2},"f":{"0":4},"b":{"0":[2,2]},"_coverageSchema":"1a1c01bbd47fc00a2c39e90264f33305004495a9","hash":"ebce128f55a31035087a64729aeab9ed41865938"}
,"/home/ke/Desktop/study/NAI/frontend/src/components/PlotConfig.tsx": {"path":"/home/ke/Desktop/study/NAI/frontend/src/components/PlotConfig.tsx","statementMap":{"0":{"start":{"line":20,"column":28},"end":{"line":20,"column":48}},"1":{"start":{"line":21,"column":28},"end":{"line":21,"column":48}},"2":{"start":{"line":22,"column":36},"end":{"line":22,"column":57}},"3":{"start":{"line":23,"column":40},"end":{"line":23,"column":64}},"4":{"start":{"line":24,"column":34},"end":{"line":24,"column":53}},"5":{"start":{"line":25,"column":28},"end":{"line":25,"column":48}},"6":{"start":{"line":27,"column":2},"end":{"line":69,"column":53}},"7":{"start":{"line":28,"column":4},"end":{"line":28,"column":56}},"8":{"start":{"line":28,"column":49},"end":{"line":28,"column":56}},"9":{"start":{"line":30,"column":28},"end":{"line":30,"column":30}},"10":{"start":{"line":31,"column":17},"end":{"line":31,"column":68}},"11":{"start":{"line":31,"column":52},"end":{"line":31,"column":67}},"12":{"start":{"line":33,"column":4},"end":{"line":33,"column":24}},"13":{"start":{"line":33,"column":17},"end":{"line":33,"column":24}},"14":{"start":{"line":35,"column":4},"end":{"line":42,"column":5}},"15":{"start":{"line":37,"column":6},"end":{"line":37,"column":74}},"16":{"start":{"line":37,"column":71},"end":{"line":37,"column":72}},"17":{"start":{"line":39,"column":21},"end":{"line":39,"column":72}},"18":{"start":{"line":39,"column":56},"end":{"line":39,"column":71}},"19":{"start":{"line":40,"column":6},"end":{"line":40,"column":26}},"20":{"start":{"line":40,"column":19},"end":{"line":40,"column":26}},"21":{"start":{"line":41,"column":6},"end":{"line":41,"column":30}},"22":{"start":{"line":44,"column":16},"end":{"line":44,"column":62}},"23":{"start":{"line":45,"column":24},"end":{"line":45,"column":26}},"24":{"start":{"line":47,"column":4},"end":{"line":65,"column":5}},"25":{"start":{"line":47,"column":17},"end":{"line":47,"column":18}},"26":{"start":{"line":48,"column":16},"end":{"line":48,"column":26}},"27":{"start":{"line":49,"column":16},"end":{"line":49,"column":32}},"28":{"start":{"line":50,"column":21},"end":{"line":50,"column":22}},"29":{"start":{"line":52,"column":6},"end":{"line":62,"column":7}},"30":{"start":{"line":53,"column":8},"end":{"line":61,"column":9}},"31":{"start":{"line":55,"column":21},"end":{"line":55,"column":66}},"32":{"start":{"line":56,"column":10},"end":{"line":56,"column":30}},"33":{"start":{"line":57,"column":10},"end":{"line":57,"column":76}},"34":{"start":{"line":57,"column":63},"end":{"line":57,"column":76}},"35":{"start":{"line":59,"column":10},"end":{"line":59,"column":72}},"36":{"start":{"line":60,"column":10},"end":{"line":60,"column":23}},"37":{"start":{"line":64,"column":6},"end":{"line":64,"column":41}},"38":{"start":{"line":67,"column":4},"end":{"line":67,"column":22}},"39":{"start":{"line":68,"column":4},"end":{"line":68,"column":29}},"40":{"start":{"line":68,"column":16},"end":{"line":68,"column":29}},"41":{"start":{"line":71,"column":2},"end":{"line":77,"column":3}},"42":{"start":{"line":72,"column":4},"end":{"line":76,"column":6}},"43":{"start":{"line":79,"column":2},"end":{"line":157,"column":4}},"44":{"start":{"line":83,"column":58},"end":{"line":83,"column":77}},"45":{"start":{"line":94,"column":27},"end":{"line":94,"column":51}},"46":{"start":{"line":99,"column":12},"end":{"line":101,"column":23}},"47":{"start":{"line":109,"column":27},"end":{"line":109,"column":51}},"48":{"start":{"line":113,"column":12},"end":{"line":115,"column":23}},"49":{"start":{"line":121,"column":66},"end":{"line":121,"column":98}},"50":{"start":{"line":131,"column":27},"end":{"line":131,"column":55}}},"fnMap":{"0":{"name":"PlotConfig","decl":{"start":{"line":19,"column":24},"end":{"line":19,"column":34}},"loc":{"start":{"line":19,"column":74},"end":{"line":158,"column":1}},"line":19},"1":{"name":"(anonymous_1)","decl":{"start":{"line":27,"column":12},"end":{"line":27,"column":13}},"loc":{"start":{"line":27,"column":18},"end":{"line":69,"column":3}},"line":27},"2":{"name":"(anonymous_2)","decl":{"start":{"line":31,"column":40},"end":{"line":31,"column":41}},"loc":{"start":{"line":31,"column":52},"end":{"line":31,"column":67}},"line":31},"3":{"name":"(anonymous_3)","decl":{"start":{"line":37,"column":61},"end":{"line":37,"column":62}},"loc":{"start":{"line":37,"column":71},"end":{"line":37,"column":72}},"line":37},"4":{"name":"(anonymous_4)","decl":{"start":{"line":39,"column":44},"end":{"line":39,"column":45}},"loc":{"start":{"line":39,"column":56},"end":{"line":39,"column":71}},"line":39},"5":{"name":"(anonymous_5)","decl":{"start":{"line":83,"column":52},"end":{"line":83,"column":53}},"loc":{"start":{"line":83,"column":58},"end":{"line":83,"column":77}},"line":83},"6":{"name":"(anonymous_6)","decl":{"start":{"line":94,"column":20},"end":{"line":94,"column":21}},"loc":{"start":{"line":94,"column":27},"end":{"line":94,"column":51}},"line":94},"7":{"name":"(anonymous_7)","decl":{"start":{"line":98,"column":33},"end":{"line":98,"column":34}},"loc":{"start":{"line":99,"column":12},"end":{"line":101,"column":23}},"line":99},"8":{"name":"(anonymous_8)","decl":{"start":{"line":109,"column":20},"end":{"line":109,"column":21}},"loc":{"start":{"line":109,"column":27},"end":{"line":109,"column":51}},"line":109},"9":{"name":"(anonymous_9)","decl":{"start":{"line":112,"column":33},"end":{"line":112,"column":34}},"loc":{"start":{"line":113,"column":12},"end":{"line":115,"column":23}},"line":113},"10":{"name":"(anonymous_10)","decl":{"start":{"line":121,"column":59},"end":{"line":121,"column":60}},"loc":{"start":{"line":121,"column":66},"end":{"line":121,"column":98}},"line":121},"11":{"name":"(anonymous_11)","decl":{"start":{"line":131,"column":20},"end":{"line":131,"column":21}},"loc":{"start":{"line":131,"column":27},"end":{"line":131,"column":55}},"line":131}},"branchMap":{"0":{"loc":{"start":{"line":28,"column":4},"end":{"line":28,"column":56}},"type":"if","locations":[{"start":{"line":28,"column":4},"end":{"line":28,"column":56}},{"start":{},"end":{}}],"line":28},"1":{"loc":{"start":{"line":28,"column":8},"end":{"line":28,"column":47}},"type":"binary-expr","locations":[{"start":{"line":28,"column":8},"end":{"line":28,"column":27}},{"start":{"line":28,"column":31},"end":{"line":28,"column":37}},{"start":{"line":28,"column":41},"end":{"line":28,"column":47}}],"line":28},"2":{"loc":{"start":{"line":33,"column":4},"end":{"line":33,"column":24}},"type":"if","locations":[{"start":{"line":33,"column":4},"end":{"line":33,"column":24}},{"start":{},"end":{}}],"line":33},"3":{"loc":{"start":{"line":35,"column":4},"end":{"line":42,"column":5}},"type":"if","locations":[{"start":{"line":35,"column":4},"end":{"line":42,"column":5}},{"start":{"line":38,"column":11},"end":{"line":42,"column":5}}],"line":35},"4":{"loc":{"start":{"line":40,"column":6},"end":{"line":40,"column":26}},"type":"if","locations":[{"start":{"line":40,"column":6},"end":{"line":40,"column":26}},{"start":{},"end":{}}],"line":40},"5":{"loc":{"start":{"line":52,"column":6},"end":{"line":62,"column":7}},"type":"if","locations":[{"start":{"line":52,"column":6},"end":{"line":62,"column":7}},{"start":{},"end":{}}],"line":52},"6":{"loc":{"start":{"line":52,"column":10},"end":{"line":52,"column":47}},"type":"binary-expr","locations":[{"start":{"line":52,"column":10},"end":{"line":52,"column":19}},{"start":{"line":52,"column":23},"end":{"line":52,"column":47}}],"line":52},"7":{"loc":{"start":{"line":57,"column":10},"end":{"line":57,"column":76}},"type":"if","locations":[{"start":{"line":57,"column":10},"end":{"line":57,"column":76}},{"start":{},"end":{}}],"line":57},"8":{"loc":{"start":{"line":57,"column":14},"end":{"line":57,"column":61}},"type":"binary-expr","locations":[{"start":{"line":57,"column":14},"end":{"line":57,"column":42}},{"start":{"line":57,"column":46},"end":{"line":57,"column":61}}],"line":57},"9":{"loc":{"start":{"line":68,"column":4},"end":{"line":68,"column":29}},"type":"if","locations":[{"start":{"line":68,"column":4},"end":{"line":68,"column":29}},{"start":{},"end":{}}],"line":68},"10":{"loc":{"start":{"line":71,"column":2},"end":{"line":77,"column":3}},"type":"if","locations":[{"start":{"line":71,"column":2},"end":{"line":77,"column":3}},{"start":{},"end":{}}],"line":71},"11":{"loc":{"start":{"line":82,"column":56},"end":{"line":82,"column":78}},"type":"binary-expr","locations":[{"start":{"line":82,"column":56},"end":{"line":82,"column":65}},{"start":{"line":82,"column":69},"end":{"line":82,"column":78}}],"line":82},"12":{"loc":{"start":{"line":138,"column":7},"end":{"line":155,"column":7}},"type":"cond-expr","locations":[{"start":{"line":139,"column":8},"end":{"line":152,"column":14}},{"start":{"line":154,"column":8},"end":{"line":154,"column":73}}],"line":138},"13":{"loc":{"start":{"line":147,"column":71},"end":{"line":147,"column":100}},"type":"cond-expr","locations":[{"start":{"line":147,"column":85},"end":{"line":147,"column":92}},{"start":{"line":147,"column":95},"end":{"line":147,"column":100}}],"line":147}},"s":{"0":0,"1":0,"2":0,"3":0,"4":0,"5":0,"6":0,"7":0,"8":0,"9":0,"10":0,"11":0,"12":0,"13":0,"14":0,"15":0,"16":0,"17":0,"18":0,"19":0,"20":0,"21":0,"22":0,"23":0,"24":0,"25":0,"26":0,"27":0,"28":0,"29":0,"30":0,"31":0,"32":0,"33":0,"34":0,"35":0,"36":0,"37":0,"38":0,"39":0,"40":0,"41":0,"42":0,"43":0,"44":0,"45":0,"46":0,"47":0,"48":0,"49":0,"50":0},"f":{"0":0,"1":0,"2":0,"3":0,"4":0,"5":0,"6":0,"7":0,"8":0,"9":0,"10":0,"11":0},"b":{"0":[0,0],"1":[0,0,0],"2":[0,0],"3":[0,0],"4":[0,0],"5":[0,0],"6":[0,0],"7":[0,0],"8":[0,0],"9":[0,0],"10":[0,0],"11":[0,0],"12":[0,0],"13":[0,0]},"_coverageSchema":"1a1c01bbd47fc00a2c39e90264f33305004495a9","hash":"f05ac45b970b1572b5d2f0c0b3a7394037d4c392"}
,"/home/ke/Desktop/study/NAI/frontend/src/components/ProgressBar.tsx": {"path":"/home/ke/Desktop/study/NAI/frontend/src/components/ProgressBar.tsx","statementMap":{"0":{"start":{"line":10,"column":34},"end":{"line":10,"column":45}},"1":{"start":{"line":11,"column":28},"end":{"line":11,"column":44}},"2":{"start":{"line":12,"column":32},"end":{"line":12,"column":43}},"3":{"start":{"line":14,"column":2},"end":{"line":28,"column":17}},"4":{"start":{"line":15,"column":15},"end":{"line":15,"column":72}},"5":{"start":{"line":17,"column":4},"end":{"line":17,"column":78}},"6":{"start":{"line":17,"column":22},"end":{"line":17,"column":77}},"7":{"start":{"line":18,"column":4},"end":{"line":23,"column":6}},"8":{"start":{"line":19,"column":19},"end":{"line":19,"column":41}},"9":{"start":{"line":20,"column":6},"end":{"line":20,"column":33}},"10":{"start":{"line":21,"column":6},"end":{"line":21,"column":27}},"11":{"start":{"line":22,"column":6},"end":{"line":22,"column":36}},"12":{"start":{"line":24,"column":4},"end":{"line":24,"column":71}},"13":{"start":{"line":24,"column":23},"end":{"line":24,"column":70}},"14":{"start":{"line":25,"column":4},"end":{"line":25,"column":65}},"15":{"start":{"line":25,"column":26},"end":{"line":25,"column":64}},"16":{"start":{"line":27,"column":4},"end":{"line":27,"column":28}},"17":{"start":{"line":27,"column":17},"end":{"line":27,"column":27}},"18":{"start":{"line":30,"column":2},"end":{"line":37,"column":4}}},"fnMap":{"0":{"name":"ProgressBar","decl":{"start":{"line":9,"column":24},"end":{"line":9,"column":35}},"loc":{"start":{"line":9,"column":68},"end":{"line":38,"column":1}},"line":9},"1":{"name":"(anonymous_1)","decl":{"start":{"line":14,"column":12},"end":{"line":14,"column":13}},"loc":{"start":{"line":14,"column":18},"end":{"line":28,"column":3}},"line":14},"2":{"name":"(anonymous_2)","decl":{"start":{"line":17,"column":16},"end":{"line":17,"column":17}},"loc":{"start":{"line":17,"column":22},"end":{"line":17,"column":77}},"line":17},"3":{"name":"(anonymous_3)","decl":{"start":{"line":18,"column":19},"end":{"line":18,"column":20}},"loc":{"start":{"line":18,"column":30},"end":{"line":23,"column":5}},"line":18},"4":{"name":"(anonymous_4)","decl":{"start":{"line":24,"column":17},"end":{"line":24,"column":18}},"loc":{"start":{"line":24,"column":23},"end":{"line":24,"column":70}},"line":24},"5":{"name":"(anonymous_5)","decl":{"start":{"line":25,"column":17},"end":{"line":25,"column":18}},"loc":{"start":{"line":25,"column":26},"end":{"line":25,"column":64}},"line":25},"6":{"name":"(anonymous_6)","decl":{"start":{"line":27,"column":11},"end":{"line":27,"column":12}},"loc":{"start":{"line":27,"column":17},"end":{"line":27,"column":27}},"line":27}},"branchMap":{"0":{"loc":{"start":{"line":22,"column":17},"end":{"line":22,"column":34}},"type":"binary-expr","locations":[{"start":{"line":22,"column":17},"end":{"line":22,"column":29}},{"start":{"line":22,"column":33},"end":{"line":22,"column":34}}],"line":22}},"s":{"0":6,"1":6,"2":6,"3":6,"4":4,"5":4,"6":1,"7":4,"8":2,"9":2,"10":2,"11":2,"12":4,"13":0,"14":4,"15":0,"16":4,"17":4,"18":6},"f":{"0":6,"1":4,"2":1,"3":2,"4":0,"5":0,"6":4},"b":{"0":[2,0]},"_coverageSchema":"1a1c01bbd47fc00a2c39e90264f33305004495a9","hash":"7bc436766bb7a8a10f62028c7a0ebc99af76f9da"}
,"/home/ke/Desktop/study/NAI/frontend/src/components/SavedConfigLoader.tsx": {"path":"/home/ke/Desktop/study/NAI/frontend/src/components/SavedConfigLoader.tsx","statementMap":{"0":{"start":{"line":11,"column":32},"end":{"line":11,"column":44}},"1":{"start":{"line":12,"column":26},"end":{"line":12,"column":49}},"2":{"start":{"line":13,"column":26},"end":{"line":33,"column":3}},"3":{"start":{"line":14,"column":16},"end":{"line":14,"column":73}},"4":{"start":{"line":14,"column":47},"end":{"line":14,"column":56}},"5":{"start":{"line":15,"column":4},"end":{"line":18,"column":5}},"6":{"start":{"line":16,"column":6},"end":{"line":16,"column":59}},"7":{"start":{"line":17,"column":6},"end":{"line":17,"column":13}},"8":{"start":{"line":20,"column":4},"end":{"line":32,"column":5}},"9":{"start":{"line":21,"column":29},"end":{"line":21,"column":31}},"10":{"start":{"line":22,"column":6},"end":{"line":26,"column":7}},"11":{"start":{"line":23,"column":20},"end":{"line":23,"column":68}},"12":{"start":{"line":24,"column":8},"end":{"line":24,"column":65}},"13":{"start":{"line":24,"column":21},"end":{"line":24,"column":65}},"14":{"start":{"line":25,"column":8},"end":{"line":25,"column":39}},"15":{"start":{"line":28,"column":6},"end":{"line":28,"column":25}},"16":{"start":{"line":29,"column":6},"end":{"line":29,"column":67}},"17":{"start":{"line":31,"column":6},"end":{"line":31,"column":52}},"18":{"start":{"line":35,"column":2},"end":{"line":51,"column":4}},"19":{"start":{"line":43,"column":25},"end":{"line":43,"column":51}}},"fnMap":{"0":{"name":"SavedConfigLoader","decl":{"start":{"line":10,"column":24},"end":{"line":10,"column":41}},"loc":{"start":{"line":10,"column":79},"end":{"line":52,"column":1}},"line":10},"1":{"name":"(anonymous_1)","decl":{"start":{"line":13,"column":26},"end":{"line":13,"column":27}},"loc":{"start":{"line":13,"column":38},"end":{"line":33,"column":3}},"line":13},"2":{"name":"(anonymous_2)","decl":{"start":{"line":14,"column":39},"end":{"line":14,"column":40}},"loc":{"start":{"line":14,"column":47},"end":{"line":14,"column":56}},"line":14},"3":{"name":"(anonymous_3)","decl":{"start":{"line":43,"column":18},"end":{"line":43,"column":19}},"loc":{"start":{"line":43,"column":25},"end":{"line":43,"column":51}},"line":43}},"branchMap":{"0":{"loc":{"start":{"line":15,"column":4},"end":{"line":18,"column":5}},"type":"if","locations":[{"start":{"line":15,"column":4},"end":{"line":18,"column":5}},{"start":{},"end":{}}],"line":15},"1":{"loc":{"start":{"line":24,"column":8},"end":{"line":24,"column":65}},"type":"if","locations":[{"start":{"line":24,"column":8},"end":{"line":24,"column":65}},{"start":{},"end":{}}],"line":24}},"s":{"0":0,"1":0,"2":0,"3":0,"4":0,"5":0,"6":0,"7":0,"8":0,"9":0,"10":0,"11":0,"12":0,"13":0,"14":0,"15":0,"16":0,"17":0,"18":0,"19":0},"f":{"0":0,"1":0,"2":0,"3":0},"b":{"0":[0,0],"1":[0,0]},"_coverageSchema":"1a1c01bbd47fc00a2c39e90264f33305004495a9","hash":"0db571a995806463a7a7acdf03f2bd483802625d"}
,"/home/ke/Desktop/study/NAI/frontend/src/components/SpecForm.tsx": {"path":"/home/ke/Desktop/study/NAI/frontend/src/components/SpecForm.tsx","statementMap":{"0":{"start":{"line":16,"column":82},"end":{"line":16,"column":105}},"1":{"start":{"line":17,"column":26},"end":{"line":17,"column":38}},"2":{"start":{"line":18,"column":40},"end":{"line":18,"column":52}},"3":{"start":{"line":19,"column":38},"end":{"line":19,"column":63}},"4":{"start":{"line":20,"column":36},"end":{"line":20,"column":58}},"5":{"start":{"line":21,"column":30},"end":{"line":21,"column":52}},"6":{"start":{"line":24,"column":2},"end":{"line":27,"column":19}},"7":{"start":{"line":25,"column":4},"end":{"line":25,"column":60}},"8":{"start":{"line":25,"column":39},"end":{"line":25,"column":57}},"9":{"start":{"line":26,"column":4},"end":{"line":26,"column":40}},"10":{"start":{"line":26,"column":35},"end":{"line":26,"column":37}},"11":{"start":{"line":29,"column":23},"end":{"line":33,"column":3}},"12":{"start":{"line":30,"column":4},"end":{"line":30,"column":75}},"13":{"start":{"line":31,"column":4},"end":{"line":31,"column":37}},"14":{"start":{"line":32,"column":4},"end":{"line":32,"column":31}},"15":{"start":{"line":35,"column":26},"end":{"line":39,"column":3}},"16":{"start":{"line":36,"column":4},"end":{"line":36,"column":60}},"17":{"start":{"line":36,"column":46},"end":{"line":36,"column":57}},"18":{"start":{"line":37,"column":4},"end":{"line":37,"column":58}},"19":{"start":{"line":37,"column":44},"end":{"line":37,"column":55}},"20":{"start":{"line":38,"column":4},"end":{"line":38,"column":52}},"21":{"start":{"line":38,"column":38},"end":{"line":38,"column":49}},"22":{"start":{"line":41,"column":31},"end":{"line":45,"column":3}},"23":{"start":{"line":42,"column":22},"end":{"line":42,"column":37}},"24":{"start":{"line":43,"column":4},"end":{"line":43,"column":36}},"25":{"start":{"line":44,"column":4},"end":{"line":44,"column":29}},"26":{"start":{"line":47,"column":25},"end":{"line":56,"column":3}},"27":{"start":{"line":48,"column":19},"end":{"line":48,"column":33}},"28":{"start":{"line":49,"column":4},"end":{"line":49,"column":26}},"29":{"start":{"line":50,"column":4},"end":{"line":50,"column":25}},"30":{"start":{"line":53,"column":22},"end":{"line":53,"column":33}},"31":{"start":{"line":54,"column":4},"end":{"line":54,"column":26}},"32":{"start":{"line":55,"column":4},"end":{"line":55,"column":25}},"33":{"start":{"line":58,"column":23},"end":{"line":89,"column":3}},"34":{"start":{"line":59,"column":16},"end":{"line":59,"column":32}},"35":{"start":{"line":60,"column":17},"end":{"line":60,"column":39}},"36":{"start":{"line":61,"column":19},"end":{"line":61,"column":54}},"37":{"start":{"line":61,"column":45},"end":{"line":61,"column":53}},"38":{"start":{"line":63,"column":22},"end":{"line":63,"column":33}},"39":{"start":{"line":64,"column":4},"end":{"line":80,"column":5}},"40":{"start":{"line":65,"column":6},"end":{"line":77,"column":7}},"41":{"start":{"line":66,"column":8},"end":{"line":70,"column":9}},"42":{"start":{"line":67,"column":10},"end":{"line":67,"column":47}},"43":{"start":{"line":68,"column":10},"end":{"line":68,"column":31}},"44":{"start":{"line":69,"column":10},"end":{"line":69,"column":17}},"45":{"start":{"line":71,"column":13},"end":{"line":77,"column":7}},"46":{"start":{"line":72,"column":8},"end":{"line":76,"column":9}},"47":{"start":{"line":73,"column":10},"end":{"line":73,"column":50}},"48":{"start":{"line":74,"column":10},"end":{"line":74,"column":31}},"49":{"start":{"line":75,"column":10},"end":{"line":75,"column":17}},"50":{"start":{"line":82,"column":24},"end":{"line":84,"column":5}},"51":{"start":{"line":83,"column":6},"end":{"line":83,"column":77}},"52":{"start":{"line":86,"column":4},"end":{"line":86,"column":55}},"53":{"start":{"line":87,"column":4},"end":{"line":87,"column":26}},"54":{"start":{"line":88,"column":4},"end":{"line":88,"column":25}},"55":{"start":{"line":91,"column":21},"end":{"line":113,"column":3}},"56":{"start":{"line":93,"column":4},"end":{"line":102,"column":5}},"57":{"start":{"line":93,"column":17},"end":{"line":93,"column":18}},"58":{"start":{"line":94,"column":6},"end":{"line":97,"column":7}},"59":{"start":{"line":95,"column":8},"end":{"line":95,"column":79}},"60":{"start":{"line":96,"column":8},"end":{"line":96,"column":15}},"61":{"start":{"line":98,"column":6},"end":{"line":101,"column":7}},"62":{"start":{"line":99,"column":8},"end":{"line":99,"column":84}},"63":{"start":{"line":100,"column":8},"end":{"line":100,"column":15}},"64":{"start":{"line":104,"column":20},"end":{"line":104,"column":67}},"65":{"start":{"line":107,"column":4},"end":{"line":107,"column":25}},"66":{"start":{"line":110,"column":4},"end":{"line":110,"column":32}},"67":{"start":{"line":112,"column":4},"end":{"line":112,"column":60}},"68":{"start":{"line":115,"column":2},"end":{"line":187,"column":4}},"69":{"start":{"line":123,"column":25},"end":{"line":123,"column":48}},"70":{"start":{"line":131,"column":25},"end":{"line":131,"column":55}},"71":{"start":{"line":140,"column":10},"end":{"line":174,"column":16}},"72":{"start":{"line":144,"column":31},"end":{"line":144,"column":77}},"73":{"start":{"line":151,"column":31},"end":{"line":151,"column":78}},"74":{"start":{"line":155,"column":16},"end":{"line":157,"column":27}},"75":{"start":{"line":164,"column":31},"end":{"line":164,"column":64}},"76":{"start":{"line":165,"column":28},"end":{"line":165,"column":43}},"77":{"start":{"line":171,"column":39},"end":{"line":171,"column":57}}},"fnMap":{"0":{"name":"SpecForm","decl":{"start":{"line":15,"column":24},"end":{"line":15,"column":32}},"loc":{"start":{"line":15,"column":35},"end":{"line":188,"column":1}},"line":15},"1":{"name":"(anonymous_1)","decl":{"start":{"line":24,"column":12},"end":{"line":24,"column":13}},"loc":{"start":{"line":24,"column":18},"end":{"line":27,"column":3}},"line":24},"2":{"name":"(anonymous_2)","decl":{"start":{"line":25,"column":32},"end":{"line":25,"column":33}},"loc":{"start":{"line":25,"column":39},"end":{"line":25,"column":57}},"line":25},"3":{"name":"(anonymous_3)","decl":{"start":{"line":26,"column":29},"end":{"line":26,"column":30}},"loc":{"start":{"line":26,"column":35},"end":{"line":26,"column":37}},"line":26},"4":{"name":"(anonymous_4)","decl":{"start":{"line":29,"column":23},"end":{"line":29,"column":24}},"loc":{"start":{"line":29,"column":29},"end":{"line":33,"column":3}},"line":29},"5":{"name":"(anonymous_5)","decl":{"start":{"line":35,"column":26},"end":{"line":35,"column":27}},"loc":{"start":{"line":35,"column":45},"end":{"line":39,"column":3}},"line":35},"6":{"name":"(anonymous_6)","decl":{"start":{"line":36,"column":36},"end":{"line":36,"column":37}},"loc":{"start":{"line":36,"column":46},"end":{"line":36,"column":57}},"line":36},"7":{"name":"(anonymous_7)","decl":{"start":{"line":37,"column":34},"end":{"line":37,"column":35}},"loc":{"start":{"line":37,"column":44},"end":{"line":37,"column":55}},"line":37},"8":{"name":"(anonymous_8)","decl":{"start":{"line":38,"column":28},"end":{"line":38,"column":29}},"loc":{"start":{"line":38,"column":38},"end":{"line":38,"column":49}},"line":38},"9":{"name":"(anonymous_9)","decl":{"start":{"line":41,"column":31},"end":{"line":41,"column":32}},"loc":{"start":{"line":41,"column":86},"end":{"line":45,"column":3}},"line":41},"10":{"name":"(anonymous_10)","decl":{"start":{"line":47,"column":25},"end":{"line":47,"column":26}},"loc":{"start":{"line":47,"column":59},"end":{"line":56,"column":3}},"line":47},"11":{"name":"(anonymous_11)","decl":{"start":{"line":58,"column":23},"end":{"line":58,"column":24}},"loc":{"start":{"line":58,"column":42},"end":{"line":89,"column":3}},"line":58},"12":{"name":"(anonymous_12)","decl":{"start":{"line":61,"column":38},"end":{"line":61,"column":39}},"loc":{"start":{"line":61,"column":45},"end":{"line":61,"column":53}},"line":61},"13":{"name":"(anonymous_13)","decl":{"start":{"line":82,"column":35},"end":{"line":82,"column":36}},"loc":{"start":{"line":83,"column":6},"end":{"line":83,"column":77}},"line":83},"14":{"name":"(anonymous_14)","decl":{"start":{"line":91,"column":21},"end":{"line":91,"column":22}},"loc":{"start":{"line":91,"column":33},"end":{"line":113,"column":3}},"line":91},"15":{"name":"(anonymous_15)","decl":{"start":{"line":123,"column":18},"end":{"line":123,"column":19}},"loc":{"start":{"line":123,"column":25},"end":{"line":123,"column":48}},"line":123},"16":{"name":"(anonymous_16)","decl":{"start":{"line":131,"column":18},"end":{"line":131,"column":19}},"loc":{"start":{"line":131,"column":25},"end":{"line":131,"column":55}},"line":131},"17":{"name":"(anonymous_17)","decl":{"start":{"line":139,"column":24},"end":{"line":139,"column":25}},"loc":{"start":{"line":140,"column":10},"end":{"line":174,"column":16}},"line":140},"18":{"name":"(anonymous_18)","decl":{"start":{"line":144,"column":24},"end":{"line":144,"column":25}},"loc":{"start":{"line":144,"column":31},"end":{"line":144,"column":77}},"line":144},"19":{"name":"(anonymous_19)","decl":{"start":{"line":151,"column":24},"end":{"line":151,"column":25}},"loc":{"start":{"line":151,"column":31},"end":{"line":151,"column":78}},"line":151},"20":{"name":"(anonymous_20)","decl":{"start":{"line":154,"column":44},"end":{"line":154,"column":45}},"loc":{"start":{"line":155,"column":16},"end":{"line":157,"column":27}},"line":155},"21":{"name":"(anonymous_21)","decl":{"start":{"line":164,"column":24},"end":{"line":164,"column":25}},"loc":{"start":{"line":164,"column":31},"end":{"line":164,"column":64}},"line":164},"22":{"name":"(anonymous_22)","decl":{"start":{"line":165,"column":22},"end":{"line":165,"column":23}},"loc":{"start":{"line":165,"column":28},"end":{"line":165,"column":43}},"line":165},"23":{"name":"(anonymous_23)","decl":{"start":{"line":171,"column":33},"end":{"line":171,"column":34}},"loc":{"start":{"line":171,"column":39},"end":{"line":171,"column":57}},"line":171}},"branchMap":{"0":{"loc":{"start":{"line":65,"column":6},"end":{"line":77,"column":7}},"type":"if","locations":[{"start":{"line":65,"column":6},"end":{"line":77,"column":7}},{"start":{"line":71,"column":13},"end":{"line":77,"column":7}}],"line":65},"1":{"loc":{"start":{"line":66,"column":8},"end":{"line":70,"column":9}},"type":"if","locations":[{"start":{"line":66,"column":8},"end":{"line":70,"column":9}},{"start":{},"end":{}}],"line":66},"2":{"loc":{"start":{"line":71,"column":13},"end":{"line":77,"column":7}},"type":"if","locations":[{"start":{"line":71,"column":13},"end":{"line":77,"column":7}},{"start":{},"end":{}}],"line":71},"3":{"loc":{"start":{"line":72,"column":8},"end":{"line":76,"column":9}},"type":"if","locations":[{"start":{"line":72,"column":8},"end":{"line":76,"column":9}},{"start":{},"end":{}}],"line":72},"4":{"loc":{"start":{"line":83,"column":6},"end":{"line":83,"column":77}},"type":"cond-expr","locations":[{"start":{"line":83,"column":25},"end":{"line":83,"column":38}},{"start":{"line":83,"column":41},"end":{"line":83,"column":77}}],"line":83},"5":{"loc":{"start":{"line":83,"column":41},"end":{"line":83,"column":77}},"type":"cond-expr","locations":[{"start":{"line":83,"column":58},"end":{"line":83,"column":73}},{"start":{"line":83,"column":76},"end":{"line":83,"column":77}}],"line":83},"6":{"loc":{"start":{"line":94,"column":6},"end":{"line":97,"column":7}},"type":"if","locations":[{"start":{"line":94,"column":6},"end":{"line":97,"column":7}},{"start":{},"end":{}}],"line":94},"7":{"loc":{"start":{"line":94,"column":10},"end":{"line":94,"column":68}},"type":"binary-expr","locations":[{"start":{"line":94,"column":10},"end":{"line":94,"column":31}},{"start":{"line":94,"column":35},"end":{"line":94,"column":68}}],"line":94},"8":{"loc":{"start":{"line":98,"column":6},"end":{"line":101,"column":7}},"type":"if","locations":[{"start":{"line":98,"column":6},"end":{"line":101,"column":7}},{"start":{},"end":{}}],"line":98},"9":{"loc":{"start":{"line":163,"column":21},"end":{"line":163,"column":39}},"type":"binary-expr","locations":[{"start":{"line":163,"column":21},"end":{"line":163,"column":33}},{"start":{"line":163,"column":37},"end":{"line":163,"column":39}}],"line":163},"10":{"loc":{"start":{"line":168,"column":26},"end":{"line":168,"column":41}},"type":"binary-expr","locations":[{"start":{"line":168,"column":26},"end":{"line":168,"column":35}},{"start":{"line":168,"column":39},"end":{"line":168,"column":41}}],"line":168}},"s":{"0":138,"1":138,"2":138,"3":138,"4":138,"5":138,"6":138,"7":27,"8":18,"9":27,"10":18,"11":138,"12":7,"13":7,"14":7,"15":138,"16":1,"17":1,"18":1,"19":1,"20":1,"21":1,"22":138,"23":11,"24":11,"25":11,"26":138,"27":44,"28":44,"29":44,"30":44,"31":44,"32":44,"33":138,"34":6,"35":6,"36":6,"37":20,"38":6,"39":6,"40":16,"41":10,"42":1,"43":1,"44":1,"45":6,"46":6,"47":1,"48":1,"49":1,"50":4,"51":14,"52":4,"53":4,"54":4,"55":138,"56":2,"57":2,"58":2,"59":1,"60":1,"61":1,"62":0,"63":0,"64":1,"65":1,"66":1,"67":1,"68":138,"69":16,"70":22,"71":82,"72":5,"73":2,"74":246,"75":44,"76":6,"77":1},"f":{"0":138,"1":27,"2":18,"3":18,"4":7,"5":1,"6":1,"7":1,"8":1,"9":11,"10":44,"11":6,"12":20,"13":14,"14":2,"15":16,"16":22,"17":82,"18":5,"19":2,"20":246,"21":44,"22":6,"23":1},"b":{"0":[10,6],"1":[1,9],"2":[6,0],"3":[1,5],"4":[9,5],"5":[5,0],"6":[1,1],"7":[2,2],"8":[0,1],"9":[82,28],"10":[82,80]},"_coverageSchema":"1a1c01bbd47fc00a2c39e90264f33305004495a9","hash":"d404da98a36487eb0fd53d9b4cb8d2c84d80ac85"}
,"/home/ke/Desktop/study/NAI/frontend/src/components/UploadJSON.tsx": {"path":"/home/ke/Desktop/study/NAI/frontend/src/components/UploadJSON.tsx","statementMap":{"0":{"start":{"line":10,"column":23},"end":{"line":10,"column":60}},"1":{"start":{"line":11,"column":38},"end":{"line":11,"column":58}},"2":{"start":{"line":12,"column":28},"end":{"line":12,"column":48}},"3":{"start":{"line":13,"column":40},"end":{"line":13,"column":69}},"4":{"start":{"line":15,"column":25},"end":{"line":20,"column":3}},"5":{"start":{"line":16,"column":4},"end":{"line":16,"column":52}},"6":{"start":{"line":16,"column":22},"end":{"line":16,"column":52}},"7":{"start":{"line":17,"column":4},"end":{"line":17,"column":66}},"8":{"start":{"line":17,"column":29},"end":{"line":17,"column":66}},"9":{"start":{"line":18,"column":4},"end":{"line":18,"column":82}},"10":{"start":{"line":18,"column":43},"end":{"line":18,"column":82}},"11":{"start":{"line":19,"column":4},"end":{"line":19,"column":16}},"12":{"start":{"line":22,"column":25},"end":{"line":37,"column":3}},"13":{"start":{"line":23,"column":4},"end":{"line":36,"column":5}},"14":{"start":{"line":24,"column":21},"end":{"line":24,"column":40}},"15":{"start":{"line":25,"column":30},"end":{"line":25,"column":52}},"16":{"start":{"line":26,"column":6},"end":{"line":29,"column":7}},"17":{"start":{"line":27,"column":8},"end":{"line":27,"column":34}},"18":{"start":{"line":28,"column":8},"end":{"line":28,"column":15}},"19":{"start":{"line":30,"column":6},"end":{"line":30,"column":21}},"20":{"start":{"line":31,"column":6},"end":{"line":31,"column":19}},"21":{"start":{"line":32,"column":6},"end":{"line":32,"column":20}},"22":{"start":{"line":34,"column":6},"end":{"line":34,"column":45}},"23":{"start":{"line":35,"column":6},"end":{"line":35,"column":18}},"24":{"start":{"line":39,"column":27},"end":{"line":48,"column":3}},"25":{"start":{"line":40,"column":17},"end":{"line":40,"column":36}},"26":{"start":{"line":41,"column":4},"end":{"line":41,"column":22}},"27":{"start":{"line":41,"column":15},"end":{"line":41,"column":22}},"28":{"start":{"line":42,"column":19},"end":{"line":42,"column":35}},"29":{"start":{"line":43,"column":4},"end":{"line":46,"column":6}},"30":{"start":{"line":44,"column":6},"end":{"line":44,"column":50}},"31":{"start":{"line":45,"column":6},"end":{"line":45,"column":49}},"32":{"start":{"line":47,"column":4},"end":{"line":47,"column":28}},"33":{"start":{"line":50,"column":26},"end":{"line":56,"column":3}},"34":{"start":{"line":53,"column":20},"end":{"line":53,"column":45}},"35":{"start":{"line":54,"column":19},"end":{"line":54,"column":42}},"36":{"start":{"line":55,"column":4},"end":{"line":55,"column":41}},"37":{"start":{"line":55,"column":26},"end":{"line":55,"column":41}},"38":{"start":{"line":58,"column":2},"end":{"line":110,"column":4}},"39":{"start":{"line":70,"column":25},"end":{"line":70,"column":54}},"40":{"start":{"line":79,"column":25},"end":{"line":79,"column":54}},"41":{"start":{"line":94,"column":27},"end":{"line":94,"column":44}}},"fnMap":{"0":{"name":"UploadJSON","decl":{"start":{"line":9,"column":24},"end":{"line":9,"column":34}},"loc":{"start":{"line":9,"column":72},"end":{"line":111,"column":1}},"line":9},"1":{"name":"(anonymous_1)","decl":{"start":{"line":15,"column":25},"end":{"line":15,"column":26}},"loc":{"start":{"line":15,"column":42},"end":{"line":20,"column":3}},"line":15},"2":{"name":"(anonymous_2)","decl":{"start":{"line":22,"column":25},"end":{"line":22,"column":26}},"loc":{"start":{"line":22,"column":46},"end":{"line":37,"column":3}},"line":22},"3":{"name":"(anonymous_3)","decl":{"start":{"line":39,"column":27},"end":{"line":39,"column":28}},"loc":{"start":{"line":39,"column":71},"end":{"line":48,"column":3}},"line":39},"4":{"name":"(anonymous_4)","decl":{"start":{"line":43,"column":20},"end":{"line":43,"column":21}},"loc":{"start":{"line":43,"column":28},"end":{"line":46,"column":5}},"line":43},"5":{"name":"(anonymous_5)","decl":{"start":{"line":50,"column":26},"end":{"line":50,"column":27}},"loc":{"start":{"line":50,"column":32},"end":{"line":56,"column":3}},"line":50},"6":{"name":"(anonymous_6)","decl":{"start":{"line":70,"column":18},"end":{"line":70,"column":19}},"loc":{"start":{"line":70,"column":25},"end":{"line":70,"column":54}},"line":70},"7":{"name":"(anonymous_7)","decl":{"start":{"line":79,"column":19},"end":{"line":79,"column":20}},"loc":{"start":{"line":79,"column":25},"end":{"line":79,"column":54}},"line":79},"8":{"name":"(anonymous_8)","decl":{"start":{"line":94,"column":21},"end":{"line":94,"column":22}},"loc":{"start":{"line":94,"column":27},"end":{"line":94,"column":44}},"line":94}},"branchMap":{"0":{"loc":{"start":{"line":16,"column":4},"end":{"line":16,"column":52}},"type":"if","locations":[{"start":{"line":16,"column":4},"end":{"line":16,"column":52}},{"start":{},"end":{}}],"line":16},"1":{"loc":{"start":{"line":17,"column":4},"end":{"line":17,"column":66}},"type":"if","locations":[{"start":{"line":17,"column":4},"end":{"line":17,"column":66}},{"start":{},"end":{}}],"line":17},"2":{"loc":{"start":{"line":18,"column":4},"end":{"line":18,"column":82}},"type":"if","locations":[{"start":{"line":18,"column":4},"end":{"line":18,"column":82}},{"start":{},"end":{}}],"line":18},"3":{"loc":{"start":{"line":26,"column":6},"end":{"line":29,"column":7}},"type":"if","locations":[{"start":{"line":26,"column":6},"end":{"line":29,"column":7}},{"start":{},"end":{}}],"line":26},"4":{"loc":{"start":{"line":41,"column":4},"end":{"line":41,"column":22}},"type":"if","locations":[{"start":{"line":41,"column":4},"end":{"line":41,"column":22}},{"start":{},"end":{}}],"line":41},"5":{"loc":{"start":{"line":53,"column":20},"end":{"line":53,"column":45}},"type":"binary-expr","locations":[{"start":{"line":53,"column":20},"end":{"line":53,"column":31}},{"start":{"line":53,"column":35},"end":{"line":53,"column":45}}],"line":53},"6":{"loc":{"start":{"line":55,"column":4},"end":{"line":55,"column":41}},"type":"if","locations":[{"start":{"line":55,"column":4},"end":{"line":55,"column":41}},{"start":{},"end":{}}],"line":55},"7":{"loc":{"start":{"line":55,"column":8},"end":{"line":55,"column":24}},"type":"binary-expr","locations":[{"start":{"line":55,"column":8},"end":{"line":55,"column":14}},{"start":{"line":55,"column":18},"end":{"line":55,"column":24}}],"line":55},"8":{"loc":{"start":{"line":72,"column":20},"end":{"line":72,"column":61}},"type":"binary-expr","locations":[{"start":{"line":72,"column":20},"end":{"line":72,"column":25}},{"start":{"line":72,"column":29},"end":{"line":72,"column":61}}],"line":72},"9":{"loc":{"start":{"line":90,"column":9},"end":{"line":98,"column":9}},"type":"binary-expr","locations":[{"start":{"line":90,"column":9},"end":{"line":90,"column":15}},{"start":{"line":91,"column":10},"end":{"line":97,"column":19}}],"line":90}},"s":{"0":25,"1":25,"2":25,"3":25,"4":25,"5":5,"6":0,"7":5,"8":2,"9":3,"10":0,"11":3,"12":25,"13":8,"14":8,"15":5,"16":5,"17":2,"18":2,"19":3,"20":3,"21":3,"22":3,"23":3,"24":25,"25":1,"26":1,"27":0,"28":1,"29":1,"30":1,"31":1,"32":1,"33":25,"34":8,"35":8,"36":8,"37":2,"38":25,"39":8,"40":0,"41":0},"f":{"0":25,"1":5,"2":8,"3":1,"4":1,"5":8,"6":8,"7":0,"8":0},"b":{"0":[0,5],"1":[2,3],"2":[0,3],"3":[2,3],"4":[0,1],"5":[8,8],"6":[2,6],"7":[8,3],"8":[25,19],"9":[25,5]},"_coverageSchema":"1a1c01bbd47fc00a2c39e90264f33305004495a9","hash":"b9f92460442ed8663f55c44cd8795a548646241b"}
,"/home/ke/Desktop/study/NAI/frontend/src/utils/saveSpec.ts": {"path":"/home/ke/Desktop/study/NAI/frontend/src/utils/saveSpec.ts","statementMap":{"0":{"start":{"line":11,"column":24},"end":{"line":47,"column":1}},"1":{"start":{"line":15,"column":2},"end":{"line":18,"column":3}},"2":{"start":{"line":16,"column":4},"end":{"line":16,"column":45}},"3":{"start":{"line":17,"column":4},"end":{"line":17,"column":16}},"4":{"start":{"line":19,"column":2},"end":{"line":22,"column":3}},"5":{"start":{"line":20,"column":4},"end":{"line":20,"column":52}},"6":{"start":{"line":21,"column":4},"end":{"line":21,"column":16}},"7":{"start":{"line":23,"column":2},"end":{"line":26,"column":3}},"8":{"start":{"line":24,"column":4},"end":{"line":24,"column":63}},"9":{"start":{"line":25,"column":4},"end":{"line":25,"column":16}},"10":{"start":{"line":28,"column":2},"end":{"line":46,"column":3}},"11":{"start":{"line":29,"column":16},"end":{"line":33,"column":6}},"12":{"start":{"line":35,"column":4},"end":{"line":35,"column":51}},"13":{"start":{"line":35,"column":17},"end":{"line":35,"column":51}},"14":{"start":{"line":36,"column":17},"end":{"line":36,"column":33}},"15":{"start":{"line":39,"column":22},"end":{"line":39,"column":46}},"16":{"start":{"line":41,"column":4},"end":{"line":41,"column":63}},"17":{"start":{"line":42,"column":4},"end":{"line":42,"column":21}},"18":{"start":{"line":44,"column":4},"end":{"line":44,"column":64}},"19":{"start":{"line":45,"column":4},"end":{"line":45,"column":16}}},"fnMap":{"0":{"name":"(anonymous_0)","decl":{"start":{"line":11,"column":24},"end":{"line":11,"column":25}},"loc":{"start":{"line":14,"column":27},"end":{"line":47,"column":1}},"line":14}},"branchMap":{"0":{"loc":{"start":{"line":15,"column":2},"end":{"line":18,"column":3}},"type":"if","locations":[{"start":{"line":15,"column":2},"end":{"line":18,"column":3}},{"start":{},"end":{}}],"line":15},"1":{"loc":{"start":{"line":19,"column":2},"end":{"line":22,"column":3}},"type":"if","locations":[{"start":{"line":19,"column":2},"end":{"line":22,"column":3}},{"start":{},"end":{}}],"line":19},"2":{"loc":{"start":{"line":23,"column":2},"end":{"line":26,"column":3}},"type":"if","locations":[{"start":{"line":23,"column":2},"end":{"line":26,"column":3}},{"start":{},"end":{}}],"line":23},"3":{"loc":{"start":{"line":23,"column":6},"end":{"line":23,"column":69}},"type":"binary-expr","locations":[{"start":{"line":23,"column":6},"end":{"line":23,"column":37}},{"start":{"line":23,"column":41},"end":{"line":23,"column":69}}],"line":23},"4":{"loc":{"start":{"line":35,"column":4},"end":{"line":35,"column":51}},"type":"if","locations":[{"start":{"line":35,"column":4},"end":{"line":35,"column":51}},{"start":{},"end":{}}],"line":35}},"s":{"0":2,"1":6,"2":1,"3":1,"4":5,"5":1,"6":1,"7":4,"8":1,"9":1,"10":3,"11":3,"12":2,"13":1,"14":1,"15":1,"16":1,"17":1,"18":2,"19":2},"f":{"0":6},"b":{"0":[1,5],"1":[1,4],"2":[1,3],"3":[4,4],"4":[1,1]},"_coverageSchema":"1a1c01bbd47fc00a2c39e90264f33305004495a9","hash":"d97edd2e8841b0545b844c54aad60a369d48e800"}
}
