TN:
SF:src/App.tsx
FN:14,App
FN:23,(anonymous_1)
FN:27,(anonymous_2)
FN:30,(anonymous_3)
FN:34,(anonymous_4)
FN:43,(anonymous_5)
FN:44,(anonymous_6)
FN:44,(anonymous_7)
FN:48,(anonymous_8)
FN:52,(anonymous_9)
FN:54,(anonymous_10)
FN:56,(anonymous_11)
FN:98,(anonymous_12)
FN:121,(anonymous_13)
FN:126,(anonymous_14)
FN:126,(anonymous_15)
FN:126,(anonymous_16)
FNF:17
FNH:0
FNDA:0,App
FNDA:0,(anonymous_1)
FNDA:0,(anonymous_2)
FNDA:0,(anonymous_3)
FNDA:0,(anonymous_4)
FNDA:0,(anonymous_5)
FNDA:0,(anonymous_6)
FNDA:0,(anonymous_7)
FNDA:0,(anonymous_8)
FNDA:0,(anonymous_9)
FNDA:0,(anonymous_10)
FNDA:0,(anonymous_11)
FNDA:0,(anonymous_12)
FNDA:0,(anonymous_13)
FNDA:0,(anonymous_14)
FNDA:0,(anonymous_15)
FNDA:0,(anonymous_16)
DA:12,1
DA:15,0
DA:16,0
DA:17,0
DA:23,0
DA:24,0
DA:27,0
DA:30,0
DA:31,0
DA:34,0
DA:37,0
DA:39,0
DA:43,0
DA:44,0
DA:48,0
DA:49,0
DA:52,0
DA:53,0
DA:54,0
DA:55,0
DA:56,0
DA:58,0
DA:63,0
DA:99,0
DA:122,0
DA:126,0
LF:26
LH:1
BRDA:23,0,0,0
BRDA:31,1,0,0
BRDA:31,1,1,0
BRDA:37,2,0,0
BRDA:37,2,1,0
BRDA:53,3,0,0
BRDA:53,3,1,0
BRDA:55,4,0,0
BRDA:55,4,1,0
BRDA:56,5,0,0
BRDA:56,5,1,0
BRDA:97,6,0,0
BRDA:97,6,1,0
BRDA:99,7,0,0
BRDA:99,7,1,0
BRDA:120,8,0,0
BRDA:120,8,1,0
BRDA:122,9,0,0
BRDA:122,9,1,0
BRF:19
BRH:0
end_of_record
TN:
SF:src/config.ts
FNF:0
FNH:0
DA:2,2
DA:5,2
DA:6,2
LF:3
LH:3
BRDA:2,0,0,2
BRDA:2,0,1,2
BRF:2
BRH:2
end_of_record
TN:
SF:src/main.tsx
FNF:0
FNH:0
DA:6,0
LF:1
LH:0
BRF:0
BRH:0
end_of_record
TN:
SF:src/components/JsonPreview.tsx
FN:7,JsonPreview
FNF:1
FNH:1
FNDA:4,JsonPreview
DA:8,4
DA:9,2
DA:18,2
LF:3
LH:3
BRDA:8,0,0,2
BRDA:8,0,1,2
BRF:2
BRH:2
end_of_record
TN:
SF:src/components/PlotConfig.tsx
FN:19,PlotConfig
FN:27,(anonymous_1)
FN:31,(anonymous_2)
FN:37,(anonymous_3)
FN:39,(anonymous_4)
FN:83,(anonymous_5)
FN:94,(anonymous_6)
FN:98,(anonymous_7)
FN:109,(anonymous_8)
FN:112,(anonymous_9)
FN:121,(anonymous_10)
FN:131,(anonymous_11)
FNF:12
FNH:0
FNDA:0,PlotConfig
FNDA:0,(anonymous_1)
FNDA:0,(anonymous_2)
FNDA:0,(anonymous_3)
FNDA:0,(anonymous_4)
FNDA:0,(anonymous_5)
FNDA:0,(anonymous_6)
FNDA:0,(anonymous_7)
FNDA:0,(anonymous_8)
FNDA:0,(anonymous_9)
FNDA:0,(anonymous_10)
FNDA:0,(anonymous_11)
DA:20,0
DA:21,0
DA:22,0
DA:23,0
DA:24,0
DA:25,0
DA:27,0
DA:28,0
DA:30,0
DA:31,0
DA:33,0
DA:35,0
DA:37,0
DA:39,0
DA:40,0
DA:41,0
DA:44,0
DA:45,0
DA:47,0
DA:48,0
DA:49,0
DA:50,0
DA:52,0
DA:53,0
DA:55,0
DA:56,0
DA:57,0
DA:59,0
DA:60,0
DA:64,0
DA:67,0
DA:68,0
DA:71,0
DA:72,0
DA:79,0
DA:83,0
DA:94,0
DA:99,0
DA:109,0
DA:113,0
DA:121,0
DA:131,0
LF:42
LH:0
BRDA:28,0,0,0
BRDA:28,0,1,0
BRDA:28,1,0,0
BRDA:28,1,1,0
BRDA:28,1,2,0
BRDA:33,2,0,0
BRDA:33,2,1,0
BRDA:35,3,0,0
BRDA:35,3,1,0
BRDA:40,4,0,0
BRDA:40,4,1,0
BRDA:52,5,0,0
BRDA:52,5,1,0
BRDA:52,6,0,0
BRDA:52,6,1,0
BRDA:57,7,0,0
BRDA:57,7,1,0
BRDA:57,8,0,0
BRDA:57,8,1,0
BRDA:68,9,0,0
BRDA:68,9,1,0
BRDA:71,10,0,0
BRDA:71,10,1,0
BRDA:82,11,0,0
BRDA:82,11,1,0
BRDA:138,12,0,0
BRDA:138,12,1,0
BRDA:147,13,0,0
BRDA:147,13,1,0
BRF:29
BRH:0
end_of_record
TN:
SF:src/components/ProgressBar.tsx
FN:9,ProgressBar
FN:14,(anonymous_1)
FN:17,(anonymous_2)
FN:18,(anonymous_3)
FN:24,(anonymous_4)
FN:25,(anonymous_5)
FN:27,(anonymous_6)
FNF:7
FNH:5
FNDA:6,ProgressBar
FNDA:4,(anonymous_1)
FNDA:1,(anonymous_2)
FNDA:2,(anonymous_3)
FNDA:0,(anonymous_4)
FNDA:0,(anonymous_5)
FNDA:4,(anonymous_6)
DA:10,6
DA:11,6
DA:12,6
DA:14,6
DA:15,4
DA:17,4
DA:18,4
DA:19,2
DA:20,2
DA:21,2
DA:22,2
DA:24,4
DA:25,4
DA:27,4
DA:30,6
LF:15
LH:15
BRDA:22,0,0,2
BRDA:22,0,1,0
BRF:2
BRH:1
end_of_record
TN:
SF:src/components/SavedConfigLoader.tsx
FN:10,SavedConfigLoader
FN:13,(anonymous_1)
FN:14,(anonymous_2)
FN:43,(anonymous_3)
FNF:4
FNH:0
FNDA:0,SavedConfigLoader
FNDA:0,(anonymous_1)
FNDA:0,(anonymous_2)
FNDA:0,(anonymous_3)
DA:11,0
DA:12,0
DA:13,0
DA:14,0
DA:15,0
DA:16,0
DA:17,0
DA:20,0
DA:21,0
DA:22,0
DA:23,0
DA:24,0
DA:25,0
DA:28,0
DA:29,0
DA:31,0
DA:35,0
DA:43,0
LF:18
LH:0
BRDA:15,0,0,0
BRDA:15,0,1,0
BRDA:24,1,0,0
BRDA:24,1,1,0
BRF:4
BRH:0
end_of_record
TN:
SF:src/components/SpecForm.tsx
FN:15,SpecForm
FN:24,(anonymous_1)
FN:25,(anonymous_2)
FN:26,(anonymous_3)
FN:29,(anonymous_4)
FN:35,(anonymous_5)
FN:36,(anonymous_6)
FN:37,(anonymous_7)
FN:38,(anonymous_8)
FN:41,(anonymous_9)
FN:47,(anonymous_10)
FN:58,(anonymous_11)
FN:61,(anonymous_12)
FN:82,(anonymous_13)
FN:91,(anonymous_14)
FN:123,(anonymous_15)
FN:131,(anonymous_16)
FN:139,(anonymous_17)
FN:144,(anonymous_18)
FN:151,(anonymous_19)
FN:154,(anonymous_20)
FN:164,(anonymous_21)
FN:165,(anonymous_22)
FN:171,(anonymous_23)
FNF:24
FNH:24
FNDA:138,SpecForm
FNDA:27,(anonymous_1)
FNDA:18,(anonymous_2)
FNDA:18,(anonymous_3)
FNDA:7,(anonymous_4)
FNDA:1,(anonymous_5)
FNDA:1,(anonymous_6)
FNDA:1,(anonymous_7)
FNDA:1,(anonymous_8)
FNDA:11,(anonymous_9)
FNDA:44,(anonymous_10)
FNDA:6,(anonymous_11)
FNDA:20,(anonymous_12)
FNDA:14,(anonymous_13)
FNDA:2,(anonymous_14)
FNDA:16,(anonymous_15)
FNDA:22,(anonymous_16)
FNDA:82,(anonymous_17)
FNDA:5,(anonymous_18)
FNDA:2,(anonymous_19)
FNDA:246,(anonymous_20)
FNDA:44,(anonymous_21)
FNDA:6,(anonymous_22)
FNDA:1,(anonymous_23)
DA:16,138
DA:17,138
DA:18,138
DA:19,138
DA:20,138
DA:21,138
DA:24,138
DA:25,27
DA:26,27
DA:29,138
DA:30,7
DA:31,7
DA:32,7
DA:35,138
DA:36,1
DA:37,1
DA:38,1
DA:41,138
DA:42,11
DA:43,11
DA:44,11
DA:47,138
DA:48,44
DA:49,44
DA:50,44
DA:53,44
DA:54,44
DA:55,44
DA:58,138
DA:59,6
DA:60,6
DA:61,20
DA:63,6
DA:64,6
DA:65,16
DA:66,10
DA:67,1
DA:68,1
DA:69,1
DA:71,6
DA:72,6
DA:73,1
DA:74,1
DA:75,1
DA:82,4
DA:83,14
DA:86,4
DA:87,4
DA:88,4
DA:91,138
DA:93,2
DA:94,2
DA:95,1
DA:96,1
DA:98,1
DA:99,0
DA:100,0
DA:104,1
DA:107,1
DA:110,1
DA:112,1
DA:115,138
DA:123,16
DA:131,22
DA:140,82
DA:144,5
DA:151,2
DA:155,246
DA:164,44
DA:165,6
DA:171,1
LF:71
LH:69
BRDA:65,0,0,10
BRDA:65,0,1,6
BRDA:66,1,0,1
BRDA:66,1,1,9
BRDA:71,2,0,6
BRDA:71,2,1,0
BRDA:72,3,0,1
BRDA:72,3,1,5
BRDA:83,4,0,9
BRDA:83,4,1,5
BRDA:83,5,0,5
BRDA:83,5,1,0
BRDA:94,6,0,1
BRDA:94,6,1,1
BRDA:94,7,0,2
BRDA:94,7,1,2
BRDA:98,8,0,0
BRDA:98,8,1,1
BRDA:163,9,0,82
BRDA:163,9,1,28
BRDA:168,10,0,82
BRDA:168,10,1,80
BRF:22
BRH:19
end_of_record
TN:
SF:src/components/UploadJSON.tsx
FN:9,UploadJSON
FN:15,(anonymous_1)
FN:22,(anonymous_2)
FN:39,(anonymous_3)
FN:43,(anonymous_4)
FN:50,(anonymous_5)
FN:70,(anonymous_6)
FN:79,(anonymous_7)
FN:94,(anonymous_8)
FNF:9
FNH:7
FNDA:25,UploadJSON
FNDA:5,(anonymous_1)
FNDA:8,(anonymous_2)
FNDA:1,(anonymous_3)
FNDA:1,(anonymous_4)
FNDA:8,(anonymous_5)
FNDA:8,(anonymous_6)
FNDA:0,(anonymous_7)
FNDA:0,(anonymous_8)
DA:10,25
DA:11,25
DA:12,25
DA:13,25
DA:15,25
DA:16,5
DA:17,5
DA:18,3
DA:19,3
DA:22,25
DA:23,8
DA:24,8
DA:25,5
DA:26,5
DA:27,2
DA:28,2
DA:30,3
DA:31,3
DA:32,3
DA:34,3
DA:35,3
DA:39,25
DA:40,1
DA:41,1
DA:42,1
DA:43,1
DA:44,1
DA:45,1
DA:47,1
DA:50,25
DA:53,8
DA:54,8
DA:55,8
DA:58,25
DA:70,8
DA:79,0
DA:94,0
LF:37
LH:35
BRDA:16,0,0,0
BRDA:16,0,1,5
BRDA:17,1,0,2
BRDA:17,1,1,3
BRDA:18,2,0,0
BRDA:18,2,1,3
BRDA:26,3,0,2
BRDA:26,3,1,3
BRDA:41,4,0,0
BRDA:41,4,1,1
BRDA:53,5,0,8
BRDA:53,5,1,8
BRDA:55,6,0,2
BRDA:55,6,1,6
BRDA:55,7,0,8
BRDA:55,7,1,3
BRDA:72,8,0,25
BRDA:72,8,1,19
BRDA:90,9,0,25
BRDA:90,9,1,5
BRF:20
BRH:17
end_of_record
TN:
SF:src/utils/saveSpec.ts
FN:11,(anonymous_0)
FNF:1
FNH:1
FNDA:6,(anonymous_0)
DA:11,2
DA:15,6
DA:16,1
DA:17,1
DA:19,5
DA:20,1
DA:21,1
DA:23,4
DA:24,1
DA:25,1
DA:28,3
DA:29,3
DA:35,2
DA:36,1
DA:39,1
DA:41,1
DA:42,1
DA:44,2
DA:45,2
LF:19
LH:19
BRDA:15,0,0,1
BRDA:15,0,1,5
BRDA:19,1,0,1
BRDA:19,1,1,4
BRDA:23,2,0,1
BRDA:23,2,1,3
BRDA:23,3,0,4
BRDA:23,3,1,4
BRDA:35,4,0,1
BRDA:35,4,1,1
BRF:10
BRH:10
end_of_record
